This is pdfTeX, Version 3.141592653-2.6-1.40.25 (MiKTeX 24.1) (preloaded format=pdflatex 2025.12.5)  13 APR 2026 00:18
entering extended mode
 restricted \write18 enabled.
 %&-line parsing enabled.
**./Rare_Earth_Final_Report.tex
(Rare_Earth_Final_Report.tex
LaTeX2e <2023-11-01> patch level 1
L3 programming layer <2024-01-04>
(C:\Users\ANANYA\AppData\Local\Programs\MiKTeX\tex/latex/base\article.cls
Document Class: article 2023/05/17 v1.4n Standard LaTeX document class
(C:\Users\ANANYA\AppData\Local\Programs\MiKTeX\tex/latex/base\size11.clo
File: size11.clo 2023/05/17 v1.4n Standard LaTeX file (size option)
)
\c@part=\count187
\c@section=\count188
\c@subsection=\count189
\c@subsubsection=\count190
\c@paragraph=\count191
\c@subparagraph=\count192
\c@figure=\count193
\c@table=\count194
\abovecaptionskip=\skip48
\belowcaptionskip=\skip49
\bibindent=\dimen140
)
(C:\Users\ANANYA\AppData\Local\Programs\MiKTeX\tex/latex/base\inputenc.sty
Package: inputenc 2021/02/14 v1.3d Input encoding file
\inpenc@prehook=\toks17
\inpenc@posthook=\toks18
)
(C:\Users\ANANYA\AppData\Local\Programs\MiKTeX\tex/latex/graphics\graphicx.sty
Package: graphicx 2021/09/16 v1.2d Enhanced LaTeX Graphics (DPC,SPQR)

(C:\Users\ANANYA\AppData\Local\Programs\MiKTeX\tex/latex/graphics\keyval.sty
Package: keyval 2022/05/29 v1.15 key=value parser (DPC)
\KV@toks@=\toks19
)
(C:\Users\ANANYA\AppData\Local\Programs\MiKTeX\tex/latex/graphics\graphics.sty
Package: graphics 2022/03/10 v1.4e Standard LaTeX Graphics (DPC,SPQR)

(C:\Users\ANANYA\AppData\Local\Programs\MiKTeX\tex/latex/graphics\trig.sty
Package: trig 2021/08/11 v1.11 sin cos tan (DPC)
)
(C:\Users\ANANYA\AppData\Local\Programs\MiKTeX\tex/latex/graphics-cfg\graphics.
cfg
File: graphics.cfg 2016/06/04 v1.11 sample graphics configuration
)
Package graphics Info: Driver file: pdftex.def on input line 107.

(C:\Users\ANANYA\AppData\Local\Programs\MiKTeX\tex/latex/graphics-def\pdftex.de
f
File: pdftex.def 2022/09/22 v1.2b Graphics/color driver for pdftex
))
\Gin@req@height=\dimen141
\Gin@req@width=\dimen142
)
(C:\Users\ANANYA\AppData\Local\Programs\MiKTeX\tex/latex/booktabs\booktabs.sty
Package: booktabs 2020/01/12 v1.61803398 Publication quality tables
\heavyrulewidth=\dimen143
\lightrulewidth=\dimen144
\cmidrulewidth=\dimen145
\belowrulesep=\dimen146
\belowbottomsep=\dimen147
\aboverulesep=\dimen148
\abovetopsep=\dimen149
\cmidrulesep=\dimen150
\cmidrulekern=\dimen151
\defaultaddspace=\dimen152
\@cmidla=\count195
\@cmidlb=\count196
\@aboverulesep=\dimen153
\@belowrulesep=\dimen154
\@thisruleclass=\count197
\@lastruleclass=\count198
\@thisrulewidth=\dimen155
) (C:\Users\ANANYA\AppData\Local\Programs\MiKTeX\tex/latex/geometry\geometry.st
y
Package: geometry 2020/01/02 v5.9 Page Geometry
(C:\Users\ANANYA\AppData\Local\Programs\MiKTeX\tex/generic/iftex\ifvtex.sty
Package: ifvtex 2019/10/25 v1.7 ifvtex legacy package. Use iftex instead.

(C:\Users\ANANYA\AppData\Local\Programs\MiKTeX\tex/generic/iftex\iftex.sty
Package: iftex 2022/02/03 v1.0f TeX engine tests
))
\Gm@cnth=\count199
\Gm@cntv=\count266
\c@Gm@tempcnt=\count267
\Gm@bindingoffset=\dimen156
\Gm@wd@mp=\dimen157
\Gm@odd@mp=\dimen158
\Gm@even@mp=\dimen159
\Gm@layoutwidth=\dimen160
\Gm@layoutheight=\dimen161
\Gm@layouthoffset=\dimen162
\Gm@layoutvoffset=\dimen163
\Gm@dimlist=\toks20

(C:\Users\ANANYA\AppData\Local\Programs\MiKTeX\tex/latex/geometry\geometry.cfg)
) (C:\Users\ANANYA\AppData\Local\Programs\MiKTeX\tex/latex/float\float.sty
Package: float 2001/11/08 v1.3d Float enhancements (AL)
\c@float@type=\count268
\float@exts=\toks21
\float@box=\box51
\@float@everytoks=\toks22
\@floatcapt=\box52
)
(C:\Users\ANANYA\AppData\Local\Programs\MiKTeX\tex/latex/caption\caption.sty
Package: caption 2023/08/05 v3.6o Customizing captions (AR)

(C:\Users\ANANYA\AppData\Local\Programs\MiKTeX\tex/latex/caption\caption3.sty
Package: caption3 2023/07/31 v2.4d caption3 kernel (AR)
\caption@tempdima=\dimen164
\captionmargin=\dimen165
\caption@leftmargin=\dimen166
\caption@rightmargin=\dimen167
\caption@width=\dimen168
\caption@indent=\dimen169
\caption@parindent=\dimen170
\caption@hangindent=\dimen171
Package caption Info: Standard document class detected.
)
\c@caption@flags=\count269
\c@continuedfloat=\count270
Package caption Info: float package is loaded.
) (C:\Users\ANANYA\AppData\Local\Programs\MiKTeX\tex/latex/amsmath\amsmath.sty
Package: amsmath 2023/05/13 v2.17o AMS math features
\@mathmargin=\skip50

For additional information on amsmath, use the `?' option.
(C:\Users\ANANYA\AppData\Local\Programs\MiKTeX\tex/latex/amsmath\amstext.sty
Package: amstext 2021/08/26 v2.01 AMS text

(C:\Users\ANANYA\AppData\Local\Programs\MiKTeX\tex/latex/amsmath\amsgen.sty
File: amsgen.sty 1999/11/30 v2.0 generic functions
\@emptytoks=\toks23
\ex@=\dimen172
))
(C:\Users\ANANYA\AppData\Local\Programs\MiKTeX\tex/latex/amsmath\amsbsy.sty
Package: amsbsy 1999/11/29 v1.2d Bold Symbols
\pmbraise@=\dimen173
)
(C:\Users\ANANYA\AppData\Local\Programs\MiKTeX\tex/latex/amsmath\amsopn.sty
Package: amsopn 2022/04/08 v2.04 operator names
)
\inf@bad=\count271
LaTeX Info: Redefining \frac on input line 234.
\uproot@=\count272
\leftroot@=\count273
LaTeX Info: Redefining \overline on input line 399.
LaTeX Info: Redefining \colon on input line 410.
\classnum@=\count274
\DOTSCASE@=\count275
LaTeX Info: Redefining \ldots on input line 496.
LaTeX Info: Redefining \dots on input line 499.
LaTeX Info: Redefining \cdots on input line 620.
\Mathstrutbox@=\box53
\strutbox@=\box54
LaTeX Info: Redefining \big on input line 722.
LaTeX Info: Redefining \Big on input line 723.
LaTeX Info: Redefining \bigg on input line 724.
LaTeX Info: Redefining \Bigg on input line 725.
\big@size=\dimen174
LaTeX Font Info:    Redeclaring font encoding OML on input line 743.
LaTeX Font Info:    Redeclaring font encoding OMS on input line 744.
\macc@depth=\count276
LaTeX Info: Redefining \bmod on input line 905.
LaTeX Info: Redefining \pmod on input line 910.
LaTeX Info: Redefining \smash on input line 940.
LaTeX Info: Redefining \relbar on input line 970.
LaTeX Info: Redefining \Relbar on input line 971.
\c@MaxMatrixCols=\count277
\dotsspace@=\muskip16
\c@parentequation=\count278
\dspbrk@lvl=\count279
\tag@help=\toks24
\row@=\count280
\column@=\count281
\maxfields@=\count282
\andhelp@=\toks25
\eqnshift@=\dimen175
\alignsep@=\dimen176
\tagshift@=\dimen177
\tagwidth@=\dimen178
\totwidth@=\dimen179
\lineht@=\dimen180
\@envbody=\toks26
\multlinegap=\skip51
\multlinetaggap=\skip52
\mathdisplay@stack=\toks27
LaTeX Info: Redefining \[ on input line 2953.
LaTeX Info: Redefining \] on input line 2954.
)
(C:\Users\ANANYA\AppData\Local\Programs\MiKTeX\tex/latex/amsfonts\amssymb.sty
Package: amssymb 2013/01/14 v3.01 AMS font symbols

(C:\Users\ANANYA\AppData\Local\Programs\MiKTeX\tex/latex/amsfonts\amsfonts.sty
Package: amsfonts 2013/01/14 v3.01 Basic AMSFonts support
\symAMSa=\mathgroup4
\symAMSb=\mathgroup5
LaTeX Font Info:    Redeclaring math symbol \hbar on input line 98.
LaTeX Font Info:    Overwriting math alphabet `\mathfrak' in version `bold'
(Font)                  U/euf/m/n --> U/euf/b/n on input line 106.
)) (C:\Users\ANANYA\AppData\Local\Programs\MiKTeX\tex/latex/tools\bm.sty
Package: bm 2023/07/08 v1.2f Bold Symbol Support (DPC/FMi)
\symboldoperators=\mathgroup6
\symboldletters=\mathgroup7
\symboldsymbols=\mathgroup8
Package bm Info: No bold for \OMX/cmex/m/n, using \pmb.
Package bm Info: No bold for \U/msa/m/n, using \pmb.
Package bm Info: No bold for \U/msb/m/n, using \pmb.
LaTeX Font Info:    Redeclaring math alphabet \mathbf on input line 149.
)
(C:\Users\ANANYA\AppData\Local\Programs\MiKTeX\tex/latex/hyperref\hyperref.sty
Package: hyperref 2023-11-26 v7.01g Hypertext links for LaTeX

(C:\Users\ANANYA\AppData\Local\Programs\MiKTeX\tex/generic/infwarerr\infwarerr.
sty
Package: infwarerr 2019/12/03 v1.5 Providing info/warning/error messages (HO)
)
(C:\Users\ANANYA\AppData\Local\Programs\MiKTeX\tex/latex/kvsetkeys\kvsetkeys.st
y
Package: kvsetkeys 2022-10-05 v1.19 Key value parser (HO)
)
(C:\Users\ANANYA\AppData\Local\Programs\MiKTeX\tex/generic/kvdefinekeys\kvdefin
ekeys.sty
Package: kvdefinekeys 2019-12-19 v1.6 Define keys (HO)
)
(C:\Users\ANANYA\AppData\Local\Programs\MiKTeX\tex/generic/pdfescape\pdfescape.
sty
Package: pdfescape 2019/12/09 v1.15 Implements pdfTeX's escape features (HO)

(C:\Users\ANANYA\AppData\Local\Programs\MiKTeX\tex/generic/ltxcmds\ltxcmds.sty
Package: ltxcmds 2023-12-04 v1.26 LaTeX kernel commands for general use (HO)
)
(C:\Users\ANANYA\AppData\Local\Programs\MiKTeX\tex/generic/pdftexcmds\pdftexcmd
s.sty
Package: pdftexcmds 2020-06-27 v0.33 Utility functions of pdfTeX for LuaTeX (HO
)
Package pdftexcmds Info: \pdf@primitive is available.
Package pdftexcmds Info: \pdf@ifprimitive is available.
Package pdftexcmds Info: \pdfdraftmode found.
))
(C:\Users\ANANYA\AppData\Local\Programs\MiKTeX\tex/latex/hycolor\hycolor.sty
Package: hycolor 2020-01-27 v1.10 Color options for hyperref/bookmark (HO)
)
(C:\Users\ANANYA\AppData\Local\Programs\MiKTeX\tex/latex/letltxmacro\letltxmacr
o.sty
Package: letltxmacro 2019/12/03 v1.6 Let assignment for LaTeX macros (HO)
)
(C:\Users\ANANYA\AppData\Local\Programs\MiKTeX\tex/latex/auxhook\auxhook.sty
Package: auxhook 2019-12-17 v1.6 Hooks for auxiliary files (HO)
)
(C:\Users\ANANYA\AppData\Local\Programs\MiKTeX\tex/latex/hyperref\nameref.sty
Package: nameref 2023-11-26 v2.56 Cross-referencing by name of section

(C:\Users\ANANYA\AppData\Local\Programs\MiKTeX\tex/latex/refcount\refcount.sty
Package: refcount 2019/12/15 v3.6 Data extraction from label references (HO)
)
(C:\Users\ANANYA\AppData\Local\Programs\MiKTeX\tex/generic/gettitlestring\getti
tlestring.sty
Package: gettitlestring 2019/12/15 v1.6 Cleanup title references (HO)

(C:\Users\ANANYA\AppData\Local\Programs\MiKTeX\tex/latex/kvoptions\kvoptions.st
y
Package: kvoptions 2022-06-15 v3.15 Key value format for package options (HO)
))
\c@section@level=\count283
)
(C:\Users\ANANYA\AppData\Local\Programs\MiKTeX\tex/latex/etoolbox\etoolbox.sty
Package: etoolbox 2020/10/05 v2.5k e-TeX tools for LaTeX (JAW)
\etb@tempcnta=\count284
)
\@linkdim=\dimen181
\Hy@linkcounter=\count285
\Hy@pagecounter=\count286
(C:\Users\ANANYA\AppData\Local\Programs\MiKTeX\tex/latex/hyperref\pd1enc.def
File: pd1enc.def 2023-11-26 v7.01g Hyperref: PDFDocEncoding definition (HO)
Now handling font encoding PD1 ...
... no UTF-8 mapping file for font encoding PD1
)
(C:\Users\ANANYA\AppData\Local\Programs\MiKTeX\tex/generic/intcalc\intcalc.sty
Package: intcalc 2019/12/15 v1.3 Expandable calculations with integers (HO)
)
\Hy@SavedSpaceFactor=\count287
(C:\Users\ANANYA\AppData\Local\Programs\MiKTeX\tex/latex/hyperref\puenc.def
File: puenc.def 2023-11-26 v7.01g Hyperref: PDF Unicode definition (HO)
Now handling font encoding PU ...
... no UTF-8 mapping file for font encoding PU
)
Package hyperref Info: Hyper figures OFF on input line 4181.
Package hyperref Info: Link nesting OFF on input line 4186.
Package hyperref Info: Hyper index ON on input line 4189.
Package hyperref Info: Plain pages OFF on input line 4196.
Package hyperref Info: Backreferencing OFF on input line 4201.
Package hyperref Info: Implicit mode ON; LaTeX internals redefined.
Package hyperref Info: Bookmarks ON on input line 4448.
\c@Hy@tempcnt=\count288

(C:\Users\ANANYA\AppData\Local\Programs\MiKTeX\tex/latex/url\url.sty
\Urlmuskip=\muskip17
Package: url 2013/09/16  ver 3.4  Verb mode for urls, etc.
)
LaTeX Info: Redefining \url on input line 4786.
\XeTeXLinkMargin=\dimen182

(C:\Users\ANANYA\AppData\Local\Programs\MiKTeX\tex/generic/bitset\bitset.sty
Package: bitset 2019/12/09 v1.3 Handle bit-vector datatype (HO)

(C:\Users\ANANYA\AppData\Local\Programs\MiKTeX\tex/generic/bigintcalc\bigintcal
c.sty
Package: bigintcalc 2019/12/15 v1.5 Expandable calculations on big integers (HO
)
))
\Fld@menulength=\count289
\Field@Width=\dimen183
\Fld@charsize=\dimen184
Package hyperref Info: Hyper figures OFF on input line 6065.
Package hyperref Info: Link nesting OFF on input line 6070.
Package hyperref Info: Hyper index ON on input line 6073.
Package hyperref Info: backreferencing OFF on input line 6080.
Package hyperref Info: Link coloring OFF on input line 6085.
Package hyperref Info: Link coloring with OCG OFF on input line 6090.
Package hyperref Info: PDF/A mode OFF on input line 6095.

(C:\Users\ANANYA\AppData\Local\Programs\MiKTeX\tex/latex/base\atbegshi-ltx.sty
Package: atbegshi-ltx 2021/01/10 v1.0c Emulation of the original atbegshi
package with kernel methods
)
\Hy@abspage=\count290
\c@Item=\count291
\c@Hfootnote=\count292
)
Package hyperref Info: Driver (autodetected): hpdftex.
 (C:\Users\ANANYA\AppData\Local\Programs\MiKTeX\tex/latex/hyperref\hpdftex.def
File: hpdftex.def 2023-11-26 v7.01g Hyperref driver for pdfTeX

(C:\Users\ANANYA\AppData\Local\Programs\MiKTeX\tex/latex/base\atveryend-ltx.sty
Package: atveryend-ltx 2020/08/19 v1.0a Emulation of the original atveryend pac
kage
with kernel methods
)
\Fld@listcount=\count293
\c@bookmark@seq@number=\count294

(C:\Users\ANANYA\AppData\Local\Programs\MiKTeX\tex/latex/rerunfilecheck\rerunfi
lecheck.sty
Package: rerunfilecheck 2025-06-21 v1.11 Rerun checks for auxiliary files (HO)

(C:\Users\ANANYA\AppData\Local\Programs\MiKTeX\tex/generic/uniquecounter\unique
counter.sty
Package: uniquecounter 2019/12/15 v1.4 Provide unlimited unique counter (HO)
)
Package uniquecounter Info: New unique counter `rerunfilecheck' on input line 2
84.
)
\Hy@SectionHShift=\skip53
)
(C:\Users\ANANYA\AppData\Local\Programs\MiKTeX\tex/latex/l3backend\l3backend-pd
ftex.def
File: l3backend-pdftex.def 2024-01-04 L3 backend support: PDF output (pdfTeX)
\l__color_backend_stack_int=\count295
\l__pdf_internal_box=\box55
) (Rare_Earth_Final_Report.aux)
\openout1 = `Rare_Earth_Final_Report.aux'.

LaTeX Font Info:    Checking defaults for OML/cmm/m/it on input line 16.
LaTeX Font Info:    ... okay on input line 16.
LaTeX Font Info:    Checking defaults for OMS/cmsy/m/n on input line 16.
LaTeX Font Info:    ... okay on input line 16.
LaTeX Font Info:    Checking defaults for OT1/cmr/m/n on input line 16.
LaTeX Font Info:    ... okay on input line 16.
LaTeX Font Info:    Checking defaults for T1/cmr/m/n on input line 16.
LaTeX Font Info:    ... okay on input line 16.
LaTeX Font Info:    Checking defaults for TS1/cmr/m/n on input line 16.
LaTeX Font Info:    ... okay on input line 16.
LaTeX Font Info:    Checking defaults for OMX/cmex/m/n on input line 16.
LaTeX Font Info:    ... okay on input line 16.
LaTeX Font Info:    Checking defaults for U/cmr/m/n on input line 16.
LaTeX Font Info:    ... okay on input line 16.
LaTeX Font Info:    Checking defaults for PD1/pdf/m/n on input line 16.
LaTeX Font Info:    ... okay on input line 16.
LaTeX Font Info:    Checking defaults for PU/pdf/m/n on input line 16.
LaTeX Font Info:    ... okay on input line 16.

(C:\Users\ANANYA\AppData\Local\Programs\MiKTeX\tex/context/base/mkii\supp-pdf.m
kii
[Loading MPS to PDF converter (version 2006.09.02).]
\scratchcounter=\count296
\scratchdimen=\dimen185
\scratchbox=\box56
\nofMPsegments=\count297
\nofMParguments=\count298
\everyMPshowfont=\toks28
\MPscratchCnt=\count299
\MPscratchDim=\dimen186
\MPnumerator=\count300
\makeMPintoPDFobject=\count301
\everyMPtoPDFconversion=\toks29
)
(C:\Users\ANANYA\AppData\Local\Programs\MiKTeX\tex/latex/epstopdf-pkg\epstopdf-
base.sty
Package: epstopdf-base 2020-01-24 v2.11 Base part for package epstopdf
Package epstopdf-base Info: Redefining graphics rule for `.eps' on input line 4
85.

(C:\Users\ANANYA\AppData\Local\Programs\MiKTeX\tex/latex/00miktex\epstopdf-sys.
cfg
File: epstopdf-sys.cfg 2021/03/18 v2.0 Configuration of epstopdf for MiKTeX
))
*geometry* driver: auto-detecting
*geometry* detected driver: pdftex
*geometry* verbose mode - [ preamble ] result:
* driver: pdftex
* paper: a4paper
* layout: <same size as paper>
* layoutoffset:(h,v)=(0.0pt,0.0pt)
* modes: 
* h-part:(L,W,R)=(65.04256pt, 467.42276pt, 65.04256pt)
* v-part:(T,H,B)=(65.04256pt, 714.96173pt, 65.04256pt)
* \paperwidth=597.50787pt
* \paperheight=845.04684pt
* \textwidth=467.42276pt
* \textheight=714.96173pt
* \oddsidemargin=-7.22743pt
* \evensidemargin=-7.22743pt
* \topmargin=-44.22743pt
* \headheight=12.0pt
* \headsep=25.0pt
* \topskip=11.0pt
* \footskip=30.0pt
* \marginparwidth=50.0pt
* \marginparsep=10.0pt
* \columnsep=10.0pt
* \skip\footins=10.0pt plus 4.0pt minus 2.0pt
* \hoffset=0.0pt
* \voffset=0.0pt
* \mag=1000
* \@twocolumnfalse
* \@twosidefalse
* \@mparswitchfalse
* \@reversemarginfalse
* (1in=72.27pt=25.4mm, 1cm=28.453pt)

Package caption Info: Begin \AtBeginDocument code.
Package caption Info: hyperref package is loaded.
Package caption Info: End \AtBeginDocument code.
Package hyperref Info: Link coloring OFF on input line 16.
(Rare_Earth_Final_Report.out) (Rare_Earth_Final_Report.out)
\@outlinefile=\write3
\openout3 = `Rare_Earth_Final_Report.out'.

LaTeX Font Info:    Trying to load font information for U+msa on input line 19.


(C:\Users\ANANYA\AppData\Local\Programs\MiKTeX\tex/latex/amsfonts\umsa.fd
File: umsa.fd 2013/01/14 v3.01 AMS symbols A
)
LaTeX Font Info:    Trying to load font information for U+msb on input line 19.


(C:\Users\ANANYA\AppData\Local\Programs\MiKTeX\tex/latex/amsfonts\umsb.fd
File: umsb.fd 2013/01/14 v3.01 AMS symbols B
)
[1

{C:/Users/ANANYA/AppData/Local/MiKTeX/fonts/map/pdftex/pdftex.map}] [2]

LaTeX Warning: Citation `henriques2023' on page 3 undefined on input line 97.


LaTeX Warning: Citation `ge2023' on page 3 undefined on input line 97.


LaTeX Warning: Citation `reboredo2020' on page 3 undefined on input line 97.


LaTeX Warning: Citation `zheng2021' on page 3 undefined on input line 97.


LaTeX Warning: Citation `akram2009' on page 3 undefined on input line 97.


LaTeX Warning: Citation `ge2023' on page 3 undefined on input line 99.


LaTeX Warning: Citation `reboredo2020' on page 3 undefined on input line 100.


LaTeX Warning: Citation `zheng2021' on page 3 undefined on input line 101.


LaTeX Warning: Citation `akram2009' on page 3 undefined on input line 102.

[3]

Package caption Warning: The option `hypcap=true' will be ignored for this
(caption)                particular \caption on input line 113.
See the caption package documentation for explanation.

(Table_1_Data_Description.tex) (Table_4_1.tex) (Table_4_2.tex) (Table_4_3.tex)
(Table_4_4.tex) (Table_4_5.tex) (Table_4_6.tex) (Table_4_7.tex) (Table_4_8.tex)
<Figure_2_Original_Price_Series_row1.png, id=82, 1143.0705pt x 348.70274pt>
File: Figure_2_Original_Price_Series_row1.png Graphic file (type png)
<use Figure_2_Original_Price_Series_row1.png>
Package pdftex.def Info: Figure_2_Original_Price_Series_row1.png  used on input
 line 139.
(pdftex.def)             Requested size: 467.42276pt x 142.59126pt.
<Figure_2_Original_Price_Series_row2.png, id=84, 1143.0705pt x 348.70274pt>
File: Figure_2_Original_Price_Series_row2.png Graphic file (type png)
<use Figure_2_Original_Price_Series_row2.png>
Package pdftex.def Info: Figure_2_Original_Price_Series_row2.png  used on input
 line 140.
(pdftex.def)             Requested size: 467.42276pt x 142.59126pt.
<Figure_2_Original_Price_Series_row3.png, id=85, 1143.0705pt x 348.70274pt>
File: Figure_2_Original_Price_Series_row3.png Graphic file (type png)
<use Figure_2_Original_Price_Series_row3.png>
Package pdftex.def Info: Figure_2_Original_Price_Series_row3.png  used on input
 line 141.
(pdftex.def)             Requested size: 467.42276pt x 142.59126pt.
<Figure_2_Original_Price_Series_row4.png, id=86, 1143.0705pt x 348.70274pt>
File: Figure_2_Original_Price_Series_row4.png Graphic file (type png)
<use Figure_2_Original_Price_Series_row4.png>
Package pdftex.def Info: Figure_2_Original_Price_Series_row4.png  used on input
 line 142.
(pdftex.def)             Requested size: 467.42276pt x 142.59126pt.
[4]
<Figure_4_Zoomed_Price_row1.png, id=95, 1143.0705pt x 348.70274pt>
File: Figure_4_Zoomed_Price_row1.png Graphic file (type png)
<use Figure_4_Zoomed_Price_row1.png>
Package pdftex.def Info: Figure_4_Zoomed_Price_row1.png  used on input line 147
.
(pdftex.def)             Requested size: 467.42276pt x 142.59126pt.
<Figure_4_Zoomed_Price_row2.png, id=96, 1143.0705pt x 348.70274pt>
File: Figure_4_Zoomed_Price_row2.png Graphic file (type png)
<use Figure_4_Zoomed_Price_row2.png>
Package pdftex.def Info: Figure_4_Zoomed_Price_row2.png  used on input line 148
.
(pdftex.def)             Requested size: 467.42276pt x 142.59126pt.
<Figure_4_Zoomed_Price_row3.png, id=97, 1143.0705pt x 348.70274pt>
File: Figure_4_Zoomed_Price_row3.png Graphic file (type png)
<use Figure_4_Zoomed_Price_row3.png>
Package pdftex.def Info: Figure_4_Zoomed_Price_row3.png  used on input line 149
.
(pdftex.def)             Requested size: 467.42276pt x 142.59126pt.
<Figure_4_Zoomed_Price_row4.png, id=98, 1143.0705pt x 348.70274pt>
File: Figure_4_Zoomed_Price_row4.png Graphic file (type png)
<use Figure_4_Zoomed_Price_row4.png>
Package pdftex.def Info: Figure_4_Zoomed_Price_row4.png  used on input line 150
.
(pdftex.def)             Requested size: 467.42276pt x 142.59126pt.
 [5 <./Figure_2_Original_Price_Series_row1.png> <./Figure_2_Original_Price_Seri
es_row2.png> <./Figure_2_Original_Price_Series_row3.png> <./Figure_2_Original_P
rice_Series_row4.png>]
<Figure_5_Feature_Heatmap_row1.png, id=108, 1144.275pt x 385.44pt>
File: Figure_5_Feature_Heatmap_row1.png Graphic file (type png)
<use Figure_5_Feature_Heatmap_row1.png>
Package pdftex.def Info: Figure_5_Feature_Heatmap_row1.png  used on input line 
155.
(pdftex.def)             Requested size: 467.42276pt x 157.44916pt.
<Figure_5_Feature_Heatmap_row2.png, id=109, 1143.67274pt x 384.83775pt>
File: Figure_5_Feature_Heatmap_row2.png Graphic file (type png)
<use Figure_5_Feature_Heatmap_row2.png>
Package pdftex.def Info: Figure_5_Feature_Heatmap_row2.png  used on input line 
156.
(pdftex.def)             Requested size: 467.42276pt x 157.28535pt.
<Figure_5_Feature_Heatmap_row3.png, id=110, 1144.275pt x 385.44pt>
File: Figure_5_Feature_Heatmap_row3.png Graphic file (type png)
<use Figure_5_Feature_Heatmap_row3.png>
Package pdftex.def Info: Figure_5_Feature_Heatmap_row3.png  used on input line 
157.
(pdftex.def)             Requested size: 467.42276pt x 157.44916pt.
<Figure_5_Feature_Heatmap_row4.png, id=111, 1144.275pt x 385.44pt>
File: Figure_5_Feature_Heatmap_row4.png Graphic file (type png)
<use Figure_5_Feature_Heatmap_row4.png>
Package pdftex.def Info: Figure_5_Feature_Heatmap_row4.png  used on input line 
158.
(pdftex.def)             Requested size: 467.42276pt x 157.44916pt.
 [6 <./Figure_4_Zoomed_Price_row1.png> <./Figure_4_Zoomed_Price_row2.png> <./Fi
gure_4_Zoomed_Price_row3.png> <./Figure_4_Zoomed_Price_row4.png>]
<Figure_3_VMD_Decomposition_row1.png, id=121, 1141.866pt x 349.90726pt>
File: Figure_3_VMD_Decomposition_row1.png Graphic file (type png)
<use Figure_3_VMD_Decomposition_row1.png>
Package pdftex.def Info: Figure_3_VMD_Decomposition_row1.png  used on input lin
e 168.
(pdftex.def)             Requested size: 467.42276pt x 143.2333pt.
<Figure_3_VMD_Decomposition_row2.png, id=122, 1141.866pt x 349.90726pt>
File: Figure_3_VMD_Decomposition_row2.png Graphic file (type png)
<use Figure_3_VMD_Decomposition_row2.png>
Package pdftex.def Info: Figure_3_VMD_Decomposition_row2.png  used on input lin
e 169.
(pdftex.def)             Requested size: 467.42276pt x 143.2333pt.
<Figure_3_VMD_Decomposition_row3.png, id=123, 1141.866pt x 349.90726pt>
File: Figure_3_VMD_Decomposition_row3.png Graphic file (type png)
<use Figure_3_VMD_Decomposition_row3.png>
Package pdftex.def Info: Figure_3_VMD_Decomposition_row3.png  used on input lin
e 170.
(pdftex.def)             Requested size: 467.42276pt x 143.2333pt.
<Figure_3_VMD_Decomposition_row4.png, id=124, 1141.866pt x 349.90726pt>
File: Figure_3_VMD_Decomposition_row4.png Graphic file (type png)
<use Figure_3_VMD_Decomposition_row4.png>
Package pdftex.def Info: Figure_3_VMD_Decomposition_row4.png  used on input lin
e 171.
(pdftex.def)             Requested size: 467.42276pt x 143.2333pt.
 [7 <./Figure_5_Feature_Heatmap_row1.png> <./Figure_5_Feature_Heatmap_row2.png>
 <./Figure_5_Feature_Heatmap_row3.png> <./Figure_5_Feature_Heatmap_row4.png>] (
Table_5_1.tex) (Table_5_2.tex) (Table_5_3.tex) (Table_5_4.tex)
(Table_5_5.tex) (Table_5_6.tex) (Table_5_7.tex) (Table_5_8.tex) [8 <./Figure_3_
VMD_Decomposition_row1.png> <./Figure_3_VMD_Decomposition_row2.png> <./Figure_3
_VMD_Decomposition_row3.png> <./Figure_3_VMD_Decomposition_row4.png>]
<Figure_8_Entropy_row1.png, id=144, 1143.0705pt x 276.43275pt>
File: Figure_8_Entropy_row1.png Graphic file (type png)
<use Figure_8_Entropy_row1.png>
Package pdftex.def Info: Figure_8_Entropy_row1.png  used on input line 199.
(pdftex.def)             Requested size: 467.42276pt x 113.03867pt.
<Figure_8_Entropy_row2.png, id=145, 1143.0705pt x 276.43275pt>
File: Figure_8_Entropy_row2.png Graphic file (type png)
<use Figure_8_Entropy_row2.png>
Package pdftex.def Info: Figure_8_Entropy_row2.png  used on input line 200.
(pdftex.def)             Requested size: 467.42276pt x 113.03867pt.
<Figure_8_Entropy_row3.png, id=146, 1143.0705pt x 276.43275pt>
File: Figure_8_Entropy_row3.png Graphic file (type png)
<use Figure_8_Entropy_row3.png>
Package pdftex.def Info: Figure_8_Entropy_row3.png  used on input line 201.
(pdftex.def)             Requested size: 467.42276pt x 113.03867pt.
<Figure_8_Entropy_row4.png, id=147, 1143.0705pt x 276.43275pt>
File: Figure_8_Entropy_row4.png Graphic file (type png)
<use Figure_8_Entropy_row4.png>
Package pdftex.def Info: Figure_8_Entropy_row4.png  used on input line 202.
(pdftex.def)             Requested size: 467.42276pt x 113.03867pt.
 [9]
(Table_6_1.tex) (Table_6_2.tex) (Table_6_3.tex) (Table_6_4.tex) (Table_6_5.tex)
(Table_6_6.tex) (Table_6_7.tex) (Table_6_8.tex) [10 <./Figure_8_Entropy_row1.pn
g> <./Figure_8_Entropy_row2.png> <./Figure_8_Entropy_row3.png> <./Figure_8_Entr
opy_row4.png>] (Table_7_1.tex) (Table_7_2.tex) (Table_7_3.tex) (Table_7_4.tex)
(Table_7_5.tex) (Table_7_6.tex) (Table_7_7.tex) (Table_7_8.tex) [11]
<Figure_6_Prediction_Plot_row1.png, id=170, 1144.275pt x 349.90726pt>
File: Figure_6_Prediction_Plot_row1.png Graphic file (type png)
<use Figure_6_Prediction_Plot_row1.png>
Package pdftex.def Info: Figure_6_Prediction_Plot_row1.png  used on input line 
253.
(pdftex.def)             Requested size: 467.42276pt x 142.93431pt.
<Figure_6_Prediction_Plot_row2.png, id=171, 1144.275pt x 349.90726pt>
File: Figure_6_Prediction_Plot_row2.png Graphic file (type png)
<use Figure_6_Prediction_Plot_row2.png>
Package pdftex.def Info: Figure_6_Prediction_Plot_row2.png  used on input line 
254.
(pdftex.def)             Requested size: 467.42276pt x 142.93431pt.
<Figure_6_Prediction_Plot_row3.png, id=172, 1144.275pt x 349.90726pt>
File: Figure_6_Prediction_Plot_row3.png Graphic file (type png)
<use Figure_6_Prediction_Plot_row3.png>
Package pdftex.def Info: Figure_6_Prediction_Plot_row3.png  used on input line 
255.
(pdftex.def)             Requested size: 467.42276pt x 142.93431pt.
<Figure_6_Prediction_Plot_row4.png, id=173, 1144.275pt x 349.90726pt>
File: Figure_6_Prediction_Plot_row4.png Graphic file (type png)
<use Figure_6_Prediction_Plot_row4.png>
Package pdftex.def Info: Figure_6_Prediction_Plot_row4.png  used on input line 
256.
(pdftex.def)             Requested size: 467.42276pt x 142.93431pt.
 [12]
(Table_11_DM_Test.tex) [13 <./Figure_6_Prediction_Plot_row1.png> <./Figure_6_Pr
ediction_Plot_row2.png> <./Figure_6_Prediction_Plot_row3.png> <./Figure_6_Predi
ction_Plot_row4.png>] [14] (Table_8_1.tex) (Table_8_2.tex) (Table_8_3.tex)
(Table_8_4.tex) (Table_8_5.tex) (Table_8_6.tex) (Table_8_7.tex) (Table_8_8.tex)
<Figure_9_Cumulative_Return_Basic_row1.png, id=197, 1140.6615pt x 348.70274pt>
File: Figure_9_Cumulative_Return_Basic_row1.png Graphic file (type png)
<use Figure_9_Cumulative_Return_Basic_row1.png>
Package pdftex.def Info: Figure_9_Cumulative_Return_Basic_row1.png  used on inp
ut line 295.
(pdftex.def)             Requested size: 467.42276pt x 142.88922pt.
<Figure_9_Cumulative_Return_Basic_row2.png, id=198, 1140.6615pt x 348.70274pt>
File: Figure_9_Cumulative_Return_Basic_row2.png Graphic file (type png)
<use Figure_9_Cumulative_Return_Basic_row2.png>
Package pdftex.def Info: Figure_9_Cumulative_Return_Basic_row2.png  used on inp
ut line 296.
(pdftex.def)             Requested size: 467.42276pt x 142.88922pt.
<Figure_9_Cumulative_Return_Basic_row3.png, id=199, 1140.6615pt x 348.70274pt>
File: Figure_9_Cumulative_Return_Basic_row3.png Graphic file (type png)
<use Figure_9_Cumulative_Return_Basic_row3.png>
Package pdftex.def Info: Figure_9_Cumulative_Return_Basic_row3.png  used on inp
ut line 297.
(pdftex.def)             Requested size: 467.42276pt x 142.88922pt.
<Figure_9_Cumulative_Return_Basic_row4.png, id=200, 1140.6615pt x 348.70274pt>
File: Figure_9_Cumulative_Return_Basic_row4.png Graphic file (type png)
<use Figure_9_Cumulative_Return_Basic_row4.png>
Package pdftex.def Info: Figure_9_Cumulative_Return_Basic_row4.png  used on inp
ut line 298.
(pdftex.def)             Requested size: 467.42276pt x 142.88922pt.
[15]
<Figure_10_Cumulative_Return_Interval_row1.png, id=207, 1140.6615pt x 348.70274
pt>
File: Figure_10_Cumulative_Return_Interval_row1.png Graphic file (type png)
<use Figure_10_Cumulative_Return_Interval_row1.png>
Package pdftex.def Info: Figure_10_Cumulative_Return_Interval_row1.png  used on
 input line 303.
(pdftex.def)             Requested size: 467.42276pt x 142.88922pt.
<Figure_10_Cumulative_Return_Interval_row2.png, id=208, 1140.6615pt x 348.70274
pt>
File: Figure_10_Cumulative_Return_Interval_row2.png Graphic file (type png)
<use Figure_10_Cumulative_Return_Interval_row2.png>
Package pdftex.def Info: Figure_10_Cumulative_Return_Interval_row2.png  used on
 input line 304.
(pdftex.def)             Requested size: 467.42276pt x 142.88922pt.
<Figure_10_Cumulative_Return_Interval_row3.png, id=209, 1140.6615pt x 348.70274
pt>
File: Figure_10_Cumulative_Return_Interval_row3.png Graphic file (type png)
<use Figure_10_Cumulative_Return_Interval_row3.png>
Package pdftex.def Info: Figure_10_Cumulative_Return_Interval_row3.png  used on
 input line 305.
(pdftex.def)             Requested size: 467.42276pt x 142.88922pt.
<Figure_10_Cumulative_Return_Interval_row4.png, id=210, 1140.6615pt x 348.70274
pt>
File: Figure_10_Cumulative_Return_Interval_row4.png Graphic file (type png)
<use Figure_10_Cumulative_Return_Interval_row4.png>
Package pdftex.def Info: Figure_10_Cumulative_Return_Interval_row4.png  used on
 input line 306.
(pdftex.def)             Requested size: 467.42276pt x 142.88922pt.
 [16 <./Figure_9_Cumulative_Return_Basic_row1.png> <./Figure_9_Cumulative_Retur
n_Basic_row2.png> <./Figure_9_Cumulative_Return_Basic_row3.png> <./Figure_9_Cum
ulative_Return_Basic_row4.png>]
<Figure_11_Drawdown_row1.png, id=220, 1140.6615pt x 276.43275pt>
File: Figure_11_Drawdown_row1.png Graphic file (type png)
<use Figure_11_Drawdown_row1.png>
Package pdftex.def Info: Figure_11_Drawdown_row1.png  used on input line 311.
(pdftex.def)             Requested size: 467.42276pt x 113.27489pt.
<Figure_11_Drawdown_row2.png, id=221, 1140.6615pt x 276.43275pt>
File: Figure_11_Drawdown_row2.png Graphic file (type png)
<use Figure_11_Drawdown_row2.png>
Package pdftex.def Info: Figure_11_Drawdown_row2.png  used on input line 312.
(pdftex.def)             Requested size: 467.42276pt x 113.27489pt.
<Figure_11_Drawdown_row3.png, id=222, 1140.6615pt x 276.43275pt>
File: Figure_11_Drawdown_row3.png Graphic file (type png)
<use Figure_11_Drawdown_row3.png>
Package pdftex.def Info: Figure_11_Drawdown_row3.png  used on input line 313.
(pdftex.def)             Requested size: 467.42276pt x 113.27489pt.
<Figure_11_Drawdown_row4.png, id=223, 1140.6615pt x 276.43275pt>
File: Figure_11_Drawdown_row4.png Graphic file (type png)
<use Figure_11_Drawdown_row4.png>
Package pdftex.def Info: Figure_11_Drawdown_row4.png  used on input line 314.
(pdftex.def)             Requested size: 467.42276pt x 113.27489pt.
 [17 <./Figure_10_Cumulative_Return_Interval_row1.png> <./Figure_10_Cumulative_
Return_Interval_row2.png> <./Figure_10_Cumulative_Return_Interval_row3.png> <./
Figure_10_Cumulative_Return_Interval_row4.png>] (Table_9_Transaction_Cost.tex) 
[18 <./Figure_11_Drawdown_row1.png> <./Figure_11_Drawdown_row2.png> <./Figure_1
1_Drawdown_row3.png> <./Figure_11_Drawdown_row4.png>] (Table_10_1.tex) (Table_1
0_2.tex) (Table_10_3.tex) (Table_10_4.tex)
(Table_10_5.tex) (Table_10_6.tex) (Table_10_7.tex) (Table_10_8.tex) [19]
<Figure_13_Robustness_Check_row1.png, id=249, 1143.0705pt x 276.43275pt>
File: Figure_13_Robustness_Check_row1.png Graphic file (type png)
<use Figure_13_Robustness_Check_row1.png>
Package pdftex.def Info: Figure_13_Robustness_Check_row1.png  used on input lin
e 348.
(pdftex.def)             Requested size: 467.42276pt x 113.03867pt.
<Figure_13_Robustness_Check_row2.png, id=250, 1143.0705pt x 276.43275pt>
File: Figure_13_Robustness_Check_row2.png Graphic file (type png)
<use Figure_13_Robustness_Check_row2.png>
Package pdftex.def Info: Figure_13_Robustness_Check_row2.png  used on input lin
e 349.
(pdftex.def)             Requested size: 467.42276pt x 113.03867pt.
<Figure_13_Robustness_Check_row3.png, id=251, 1143.0705pt x 276.43275pt>
File: Figure_13_Robustness_Check_row3.png Graphic file (type png)
<use Figure_13_Robustness_Check_row3.png>
Package pdftex.def Info: Figure_13_Robustness_Check_row3.png  used on input lin
e 350.
(pdftex.def)             Requested size: 467.42276pt x 113.03867pt.
<Figure_13_Robustness_Check_row4.png, id=252, 1143.0705pt x 276.43275pt>
File: Figure_13_Robustness_Check_row4.png Graphic file (type png)
<use Figure_13_Robustness_Check_row4.png>
Package pdftex.def Info: Figure_13_Robustness_Check_row4.png  used on input lin
e 351.
(pdftex.def)             Requested size: 467.42276pt x 113.03867pt.

[20] (Table_12_Parameters.tex) [21 <./Figure_13_Robustness_Check_row1.png> <./F
igure_13_Robustness_Check_row2.png> <./Figure_13_Robustness_Check_row3.png> <./
Figure_13_Robustness_Check_row4.png>]

! LaTeX Error: There's no line here to end.

See the LaTeX manual or LaTeX Companion for explanation.
Type  H <return>  for immediate help.
 ...                                              
                                                  
l.363 \\b
         egin{figure}[H]
Your command was ignored.
Type  I <command> <return>  to replace it with another command,
or  <return>  to continue without it.

! Missing $ inserted.
<inserted text> 
                $
l.365 ...degraphics[width=0.48\\linewidth]{Figure_
                                                  13_Robustness_Check_row1.p...
I've inserted a begin-math/end-math symbol since I think
you left one out. Proceed, with fingers crossed.

! Extra }, or forgotten $.
l.365 ...dth]{Figure_13_Robustness_Check_row1.png}
                                                  \\hfill
I've deleted a group-closing symbol because it seems to be
spurious, as in `$x}$'. But perhaps the } is legitimate and
you forgot something else, as in `\hbox{$x}'. In such cases
the way to recover is to insert both the forgotten and the
deleted material, e.g., by typing `I$}'.

! Missing $ inserted.
<inserted text> 
                $
l.372 
      
I've inserted a begin-math/end-math symbol since I think
you left one out. Proceed, with fingers crossed.

[22] [23] (Rare_Earth_Final_Report.aux)
 ***********
LaTeX2e <2023-11-01> patch level 1
L3 programming layer <2024-01-04>
 ***********


LaTeX Warning: There were undefined references.


LaTeX Warning: Label(s) may have changed. Rerun to get cross-references right.


Package rerunfilecheck Warning: File `Rare_Earth_Final_Report.out' has changed.

(rerunfilecheck)                Rerun to get outlines right
(rerunfilecheck)                or use package `bookmark'.

Package rerunfilecheck Info: Checksums for `Rare_Earth_Final_Report.out':
(rerunfilecheck)             Before: 5A3D589BC79ED59818F744FF1D34AC4D;2387
(rerunfilecheck)             After:  585C5A134D388888F4842FF572B68928;3560.
 )
(\end occurred inside a group at level 1)

### simple group (level 1) entered at line 365 ({)
### bottom level 
Here is how much of TeX's memory you used:
 12369 strings out of 474486
 212544 string characters out of 5743283
 2003542 words of memory out of 5000000
 34262 multiletter control sequences out of 15000+600000
 572018 words of font info for 86 fonts, out of 8000000 for 9000
 1141 hyphenation exceptions out of 8191
 75i,11n,79p,1100b,565s stack positions out of 10000i,1000n,20000p,200000b,200000s
 <C:\Users\ANANYA\AppData\Local\MiKTeX\fonts/pk/ljfour/jknappen
/ec/dpi600\tcrm1095.pk><C:/Users/ANANYA/AppData/Local/Programs/MiKTeX/fonts/typ
e1/public/amsfonts/cm/cmbx10.pfb><C:/Users/ANANYA/AppData/Local/Programs/MiKTeX
/fonts/type1/public/amsfonts/cm/cmbx12.pfb><C:/Users/ANANYA/AppData/Local/Progr
ams/MiKTeX/fonts/type1/public/amsfonts/cm/cmex10.pfb><C:/Users/ANANYA/AppData/L
ocal/Programs/MiKTeX/fonts/type1/public/amsfonts/cm/cmmi10.pfb><C:/Users/ANANYA
/AppData/Local/Programs/MiKTeX/fonts/type1/public/amsfonts/cm/cmmi6.pfb><C:/Use
rs/ANANYA/AppData/Local/Programs/MiKTeX/fonts/type1/public/amsfonts/cm/cmmi8.pf
b><C:/Users/ANANYA/AppData/Local/Programs/MiKTeX/fonts/type1/public/amsfonts/cm
/cmr10.pfb><C:/Users/ANANYA/AppData/Local/Programs/MiKTeX/fonts/type1/public/am
sfonts/cm/cmr12.pfb><C:/Users/ANANYA/AppData/Local/Programs/MiKTeX/fonts/type1/
public/amsfonts/cm/cmr6.pfb><C:/Users/ANANYA/AppData/Local/Programs/MiKTeX/font
s/type1/public/amsfonts/cm/cmr8.pfb><C:/Users/ANANYA/AppData/Local/Programs/MiK
TeX/fonts/type1/public/amsfonts/cm/cmr9.pfb><C:/Users/ANANYA/AppData/Local/Prog
rams/MiKTeX/fonts/type1/public/amsfonts/cm/cmsy10.pfb><C:/Users/ANANYA/AppData/
Local/Programs/MiKTeX/fonts/type1/public/amsfonts/cm/cmsy8.pfb><C:/Users/ANANYA
/AppData/Local/Programs/MiKTeX/fonts/type1/public/amsfonts/cm/cmti10.pfb>
Output written on Rare_Earth_Final_Report.pdf (23 pages, 3656769 bytes).
PDF statistics:
 370 PDF objects out of 1000 (max. 8388607)
 86 named destinations out of 1000 (max. 500000)
 281 words of extra memory for PDF output out of 10000 (max. 10000000)

